
 *** Start Modeling

 *** Start Read Coil Data *** 

 *** Coil Geometry Data(Input) *** 
54.2,0,0,54.2,0,
38.41,38.41,3.75,54.33,0.125,
0,54.33,7.5,54.33,0.25,
-38.15,38.15,9.39,53.95,0.375,
-54.19,0,9.81,54.19,0.5,
-38.99,-38.99,9.19,55.14,0.625,
0,-56.78,13.97,56.78,0.75,
42.13,-42.13,24.33,59.58,0.875,
65.1,0,34.93,65.1,1,
51.42,51.42,43.68,72.72,1.125,
0,81.05,51.63,81.05,1.25,
-63.34,63.34,62.21,89.57,1.375,
-92.09,0,75.9,92.09,1.5,
-61.12,-61.12,90.42,86.44,1.625,
0,-76.02,103.94,76.02,1.75,
48.15,-48.15,114.91,68.09,1.875,
65.71,0,124.7,65.71,2,
49.97,49.97,134.08,70.67,2.125,
0,80.85,144.2,80.85,2.25,
-64.39,64.39,155.89,91.06,2.375,
-94.02,0,168.57,94.02,2.5,
-61.89,-61.89,180.75,87.53,2.625,
0,-76.73,191.77,76.73,2.75,
48.21,-48.21,201.65,68.18,2.875,
65.57,0,211.45,65.57,3,
49.57,49.57,222.33,70.1,3.125,
0,79.24,235.88,79.24,3.25,
-62.08,62.08,251.43,87.79,3.375,
-90.33,0,265.02,90.33,3.5,
-61.22,-61.22,274.36,86.58,3.625,
0,-79.27,280.38,79.27,3.75,
50.94,-50.94,286.1,72.04,3.875,
66.1,0,294.61,66.1,4,
44.14,44.14,307.85,62.42,4.125,
0,60.51,324.25,60.51,4.25,
-40.75,40.75,337.56,57.62,4.375,
-55.78,0,342.93,55.78,4.5,
-39.09,-39.09,341.85,55.29,4.625,
0,-56.02,337.15,56.02,4.75,
39.69,-39.69,333.19,56.13,4.875,
55.58,0,332.59,55.58,4.965,

 *** Start Reading Initial Conditioner *** 

0,0.2,0,
0.125,0.37,1.23,
0.25,0.11,1.97,
0.375,0.26,2.01,
0.5,0.5,1.43,
0.625,0.47,0.57,
0.75,0.32,-0.77,
0.875,0.12,-0.68,
1,0.74,0.58,
1.125,0.77,2.43,
1.25,0.78,4.3,
1.375,0.32,5.96,
1.5,-0.29,6.96,
1.625,-0.65,7.51,
1.75,0.04,8.08,
1.875,0.68,8.95,
2,1.4,9.32,
2.125,1.51,9.99,
2.25,1.53,10.64,
2.375,0.54,11.77,
2.5,-0.38,13.27,
2.625,-1,14.87,
2.75,-1.06,15.71,
2.875,-0.25,16.37,
3,0.97,16.77,
3.125,1.75,17.33,
3.25,1.95,17.52,
3.375,1.58,18.41,
3.5,0.63,19.29,
3.625,-0.82,19.68,
3.75,-1.15,20.02,
3.875,-1.1,21.17,
4,-0.8,23.07,
4.125,-0.15,24.73,
4.25,-0.29,25.38,
4.375,-0.34,24.08,
4.5,0.18,22.46,
4.625,0.86,20.83,
4.75,0.67,19.55,
4.875,0.51,19.99,
4.965,0.54,20.39,

*** End Modeling

*** Start Marc Run =1

 Start 1 - th Iteration of Setting Simulation : Marc Run 


 Simulation Model Name : TL_r3_1 


  *** Start Generating Spring Model with the below Data 

54.4,0.0,0.0,54.4,0.0
38.6787409309,38.6787409309,4.98,54.7,0.125
-5.62972497554e-12,54.44,9.47,54.44,0.25
-38.3322586081,38.3322586081,11.4,54.21,0.375
-54.69,-1.13111557279e-11,11.24,54.69,0.5
-39.3222081018,-39.3222081018,9.76,55.61,0.625
1.77397566179e-11,-57.1,13.2,57.1,0.75
42.2142748369,-42.2142748368,23.65,59.7,0.875
65.8399958873,0.0232714179994,35.51,65.84,1.0
51.946906763,51.9836414438,46.11,73.49,1.125
-0.0289231490802,81.8299948885,55.93,81.83,1.25
-63.5842907794,63.5393584015,68.17,89.89,1.375
-91.7999942657,-0.0324470864763,82.86,91.8,1.5
-60.6412454919,-60.6841284455,97.93,85.79,1.625
0.0268837189336,-76.0599952489,112.02,76.06,1.75
48.6449179765,-48.6105426329,123.86,68.77,1.875
67.1099832319,0.0474406064515,134.02,67.11,2.0
51.002874851,51.0750345759,144.07,72.18,2.125
-0.0582350940254,82.3799794166,154.84,82.38,2.25
-64.816752108,64.7251778381,167.66,91.6,2.375
-93.6399766031,-0.0661948798899,181.84,93.64,2.5
-61.1426816411,-61.2291873352,195.62,86.53,2.625
0.0534917403034,-75.6699810931,207.48,75.67,2.75
48.0677071037,-47.9997961849,218.02,67.93,2.875
66.5399625923,0.0705564958572,228.22,66.54,3.0
50.7517213085,50.8594660237,239.66,71.85,3.125
-0.0860908010098,81.1899543563,253.4,81.19,3.25
-63.2611061732,63.1270888426,269.84,89.37,3.375
-90.9599488637,-0.0964505389903,284.31,90.96,3.5
-60.5771415368,-60.705745389,294.04,85.76,3.625
0.082835489299,-78.1199560822,300.4,78.12,3.75
50.2153169064,-50.1089368076,307.27,70.94,3.875
65.2999347367,0.0923221823052,317.68,65.3,4.0
43.9692427646,44.0937477507,332.58,62.27,4.125
-0.0851399972256,60.2199398138,349.63,60.22,4.25
-40.560299842,40.4457720501,361.64,57.28,4.375
-55.9599440714,-0.0791171412335,365.39,55.96,4.5
-39.6478718682,-39.7601402955,362.68,56.15,4.625
0.0801492268917,-56.6899433418,356.7,56.69,4.75
40.1071121343,-39.9938639825,353.18,56.64,4.875
54.7857021583,-12.1647539649,352.98,56.12,4.965

  *** Start Generating Spring Model with the below Data : Create Spring Routine 

54.4,0.0,0.0,54.4,0.0
38.6787409309,38.6787409309,4.98,54.7,0.125
-5.62972497554e-12,54.44,9.47,54.44,0.25
-38.3322586081,38.3322586081,11.4,54.21,0.375
-54.69,-1.13111557279e-11,11.24,54.69,0.5
-39.3222081018,-39.3222081018,9.76,55.61,0.625
1.77397566179e-11,-57.1,13.2,57.1,0.75
42.2142748369,-42.2142748368,23.65,59.7,0.875
65.8399958873,0.0232714179994,35.51,65.84,1.0
51.946906763,51.9836414438,46.11,73.49,1.125
-0.0289231490802,81.8299948885,55.93,81.83,1.25
-63.5842907794,63.5393584015,68.17,89.89,1.375
-91.7999942657,-0.0324470864763,82.86,91.8,1.5
-60.6412454919,-60.6841284455,97.93,85.79,1.625
0.0268837189336,-76.0599952489,112.02,76.06,1.75
48.6449179765,-48.6105426329,123.86,68.77,1.875
67.1099832319,0.0474406064515,134.02,67.11,2.0
51.002874851,51.0750345759,144.07,72.18,2.125
-0.0582350940254,82.3799794166,154.84,82.38,2.25
-64.816752108,64.7251778381,167.66,91.6,2.375
-93.6399766031,-0.0661948798899,181.84,93.64,2.5
-61.1426816411,-61.2291873352,195.62,86.53,2.625
0.0534917403034,-75.6699810931,207.48,75.67,2.75
48.0677071037,-47.9997961849,218.02,67.93,2.875
66.5399625923,0.0705564958572,228.22,66.54,3.0
50.7517213085,50.8594660237,239.66,71.85,3.125
-0.0860908010098,81.1899543563,253.4,81.19,3.25
-63.2611061732,63.1270888426,269.84,89.37,3.375
-90.9599488637,-0.0964505389903,284.31,90.96,3.5
-60.5771415368,-60.705745389,294.04,85.76,3.625
0.082835489299,-78.1199560822,300.4,78.12,3.75
50.2153169064,-50.1089368076,307.27,70.94,3.875
65.2999347367,0.0923221823052,317.68,65.3,4.0
43.9692427646,44.0937477507,332.58,62.27,4.125
-0.0851399972256,60.2199398138,349.63,60.22,4.25
-40.560299842,40.4457720501,361.64,57.28,4.375
-55.9599440714,-0.0791171412335,365.39,55.96,4.5
-39.6478718682,-39.7601402955,362.68,56.15,4.625
0.0801492268917,-56.6899433418,356.7,56.69,4.75
40.1071121343,-39.9938639825,353.18,56.64,4.875
54.7857021583,-12.1647539649,352.98,56.12,4.965

 Start 1 - th Iteration : Extract Result 
 

 Radius  , Z  
-0.2 , 0.0,  
-0.369084743374 , -1.22974070656,  
-0.108521951772 , -1.96822205598,  
-0.260089062282 , -2.00953502597,  
-0.499998217743 , -1.42999502459,  
-0.463748050761 , -0.605351056659,  
-0.317074117658 , 0.73475126201,  
-0.141749599592 , 0.678763292636,  
-0.732169564136 , -0.567209832893,  
-0.761623563416 , -2.42178039913,  
-0.771702463749 , -4.30400895303,  
-0.289668114301 , -5.95924965135,  
0.310527449238 , -6.95368831982,  
0.646620167 , -7.50326010661,  
-0.0470603517061 , -8.06738310994,  
-0.702079449821 , -8.9381680934,  
-1.41192887238 , -9.31129671991,  
-1.51975618324 , -9.98121007861,  
-1.5091673389 , -10.634701069,  
-0.511339287219 , -11.7597515467,  
0.402318321393 , -13.2564606531,  
1.01225890874 , -14.8534961108,  
1.04844977792 , -15.6988682665,  
0.235856531574 , -16.3601449024,  
-0.989233229705 , -16.7603323513,  
-1.74599101956 , -17.3172211011,  
-1.93496533801 , -17.5008119882,  
-1.568819962 , -18.386732313,  
-0.606517892669 , -19.2622562591,  
0.824564364877 , -19.6602712828,  
1.14055622426 , -20.0122904784,  
1.09205241606 , -21.1645972059,  
0.784709577635 , -23.0679219732,  
0.146494173779 , -24.7137441617,  
0.300976858 , -25.3300737679,  
0.330186128606 , -24.0123785464,  
-0.18089389377 , -22.4596930134,  
-0.858318281839 , -20.827611947,  
-0.66486179355 , -19.5641288139,  
-0.500113224241 , -20.0025709626,  
-0.540390873612 , -20.3897572832,  
Max. Error of Z & Radius  0.73475126201 , -25.3300737679 , 1.14055622426 , -1.93496533801 

*** End Marc Run =1
*** Start Marc Run =2
 Start 2 - th Iteration of Setting Simulation : Marc Run 


 Simulation Model Name : TL_r3_2 


  *** Start Generating Spring Model with the below Data 

54.2,0.0,0.0,54.2,0.0
38.417758606,38.417758606,3.75025929344,54.3309152566,0.125
-5.61850255191e-12,54.3314780482,7.50177794402,54.3314780482,0.25
-38.1483478685,38.1483478685,9.39046497403,53.9499109377,0.375
-54.1900017823,-1.12077445429e-11,9.81000497541,54.1900017823,0.5
-38.9942887103,-38.9942887103,9.15464894334,55.1462519492,0.625
1.76412484274e-11,-56.7829258823,13.934751262,56.7829258823,0.75
42.1140427337,-42.1140427337,24.3287632926,59.5582504004,0.875
65.1078263689,0.0230126296644,34.9427901671,65.1078304359,1.0
51.4085479627,51.4449019386,43.6882196009,72.7283764366,1.125
-0.0286503876797,81.058292473,51.625991047,81.0582975363,1.25
-63.3793921076,63.3346045231,62.2107503487,89.6003318857,1.375
-92.1105216956,-0.0325568436767,75.9063116802,92.1105274492,1.5
-61.0983133586,-61.1415195316,90.4267398934,86.436620167,1.625
0.0268670852593,-76.0129349002,103.95261689,76.0129396483,1.75
48.148297397,-48.1142729946,114.921831907,68.0679205502,1.875
65.6980547123,0.0464425024138,124.70870328,65.6980711276,2.0
49.9290048812,49.9996452769,134.088789921,70.6602438168,2.125
-0.0571682513223,80.8708124548,144.205298931,80.8708326611,2.25
-64.454925123,64.3638620488,155.900248453,91.0886607128,2.375
-94.042294824,-0.0664792819933,168.583539347,94.0423183214,2.5
-61.8579506137,-61.9454682823,180.766503889,87.5422589087,2.625
0.0542328980045,-76.7184306091,191.781131733,76.7184497779,2.75
48.23460071,-48.166454001,201.659855098,68.1658565316,2.875
65.5507299187,0.0695075504067,211.459667649,65.5507667703,3.0
49.5184290381,49.6235555027,222.342778899,70.1040089804,3.125
-0.0840390370502,79.2549901061,235.899188012,79.255034662,3.25
-62.1506072789,62.018942517,251.453267687,87.801180038,3.375
-90.353431312,-0.0958074103881,265.047743741,90.3534821073,3.5
-61.1595780135,-61.2894183646,274.379728717,86.5845643649,3.625
0.0840448919221,-79.2605116652,280.387709522,79.2605562243,3.75
50.9883329503,-50.8803152331,286.105402794,72.0320524161,3.875
66.08464353,0.0934316172314,294.612078027,66.0847095776,4.0
44.0726832318,44.1974811239,307.866255838,62.4164941738,4.125
-0.0855655231116,60.520916371,324.299926232,60.520976858,4.25
-40.7941065525,40.678918574,337.627621454,57.6101861286,4.375
-55.7790503585,-0.0788613905591,342.930306987,55.7791061062,4.5
-39.0418078743,-39.1523601476,341.852388053,55.2916817182,4.625
0.0792092346754,-56.0250822128,337.135871186,56.0251382064,4.75
39.7529790629,-39.6407308563,333.177429037,56.1398867758,4.875
54.2581595095,-12.0476170792,332.590242717,55.5796091264,4.965

  *** Start Generating Spring Model with the below Data : Create Spring Routine 

54.2,0.0,0.0,54.2,0.0
38.417758606,38.417758606,3.75025929344,54.3309152566,0.125
-5.61850255191e-12,54.3314780482,7.50177794402,54.3314780482,0.25
-38.1483478685,38.1483478685,9.39046497403,53.9499109377,0.375
-54.1900017823,-1.12077445429e-11,9.81000497541,54.1900017823,0.5
-38.9942887103,-38.9942887103,9.15464894334,55.1462519492,0.625
1.76412484274e-11,-56.7829258823,13.934751262,56.7829258823,0.75
42.1140427337,-42.1140427337,24.3287632926,59.5582504004,0.875
65.1078263689,0.0230126296644,34.9427901671,65.1078304359,1.0
51.4085479627,51.4449019386,43.6882196009,72.7283764366,1.125
-0.0286503876797,81.058292473,51.625991047,81.0582975363,1.25
-63.3793921076,63.3346045231,62.2107503487,89.6003318857,1.375
-92.1105216956,-0.0325568436767,75.9063116802,92.1105274492,1.5
-61.0983133586,-61.1415195316,90.4267398934,86.436620167,1.625
0.0268670852593,-76.0129349002,103.95261689,76.0129396483,1.75
48.148297397,-48.1142729946,114.921831907,68.0679205502,1.875
65.6980547123,0.0464425024138,124.70870328,65.6980711276,2.0
49.9290048812,49.9996452769,134.088789921,70.6602438168,2.125
-0.0571682513223,80.8708124548,144.205298931,80.8708326611,2.25
-64.454925123,64.3638620488,155.900248453,91.0886607128,2.375
-94.042294824,-0.0664792819933,168.583539347,94.0423183214,2.5
-61.8579506137,-61.9454682823,180.766503889,87.5422589087,2.625
0.0542328980045,-76.7184306091,191.781131733,76.7184497779,2.75
48.23460071,-48.166454001,201.659855098,68.1658565316,2.875
65.5507299187,0.0695075504067,211.459667649,65.5507667703,3.0
49.5184290381,49.6235555027,222.342778899,70.1040089804,3.125
-0.0840390370502,79.2549901061,235.899188012,79.255034662,3.25
-62.1506072789,62.018942517,251.453267687,87.801180038,3.375
-90.353431312,-0.0958074103881,265.047743741,90.3534821073,3.5
-61.1595780135,-61.2894183646,274.379728717,86.5845643649,3.625
0.0840448919221,-79.2605116652,280.387709522,79.2605562243,3.75
50.9883329503,-50.8803152331,286.105402794,72.0320524161,3.875
66.08464353,0.0934316172314,294.612078027,66.0847095776,4.0
44.0726832318,44.1974811239,307.866255838,62.4164941738,4.125
-0.0855655231116,60.520916371,324.299926232,60.520976858,4.25
-40.7941065525,40.678918574,337.627621454,57.6101861286,4.375
-55.7790503585,-0.0788613905591,342.930306987,55.7791061062,4.5
-39.0418078743,-39.1523601476,341.852388053,55.2916817182,4.625
0.0792092346754,-56.0250822128,337.135871186,56.0251382064,4.75
39.7529790629,-39.6407308563,333.177429037,56.1398867758,4.875
54.2581595095,-12.0476170792,332.590242717,55.5796091264,4.965

 Start 2 - th Iteration : Extract Result 
 

 Radius  , Z  
0.0 , 0.0,  
-0.000717767653882 , -0.000240556392949,  
-0.000174056753046 , -0.000823523274922,  
1.61291492802e-05 , -0.000159467063305,  
-1.1948156029e-06 , 2.49348119041e-07,  
-0.00065087014206 , -0.0062914780243,  
-0.00114180548645 , 0.00709008125026,  
0.00841383269601 , 0.00537196270195,  
-0.00619362575425 , 0.00221322418039,  
-0.00114401474423 , -0.00236212836138,  
-0.00269809783582 , -0.000448071259136,  
-0.0073388936337 , -0.000564693628853,  
0.00943814994642 , -0.00111108300648,  
0.00807582664521 , -0.000194827435365,  
-0.00145910769308 , 0.00210564594279,  
0.00155247596157 , -0.00468584746103,  
-0.0128178141345 , 0.00177967031591,  
0.00533089599504 , -0.00156518429523,  
-0.00358529578197 , 0.000785094431279,  
0.00716474949624 , -0.000619624438599,  
-0.00880755202969 , -0.00164862159241,  
-0.00463740647461 , -0.00443815894963,  
0.00167638202386 , -0.00102653620098,  
-0.00560951521035 , -0.00162249605393,  
0.00377725737651 , 0.00177087475478,  
-0.00720203022384 , -0.00625917141045,  
0.00621606545737 , -0.0041199147517,  
0.0242989358475 , 0.00369869909312,  
-0.00997388662071 , -0.00595678421149,  
-0.00872773553944 , -0.00783737741233,  
0.00463072191447 , 0.000219405749988,  
0.00245668851694 , -0.00630245575752,  
0.00421588651467 , 0.00221420020705,  
-0.00735800352182 , -0.00630289142254,  
0.0052226498638 , -0.0061319900409,  
0.00416350812181 , 0.00277071648497,  
-0.00123488777081 , 0.0028301756638,  
-0.00533835380112 , 0.00313021944947,  
0.00272318779188 , 0.00322186788236,  
0.00104694562305 , -0.00255697796081,  
-3.52521668745e-05 , -8.08977068232e-05,  
Max. Error of Z & Radius  0.00709008125026 , -0.00783737741233 , 0.0242989358475 , -0.0128178141345 

*** End Marc Run =2
*** Start Marc Run =3

 Start 3 - th Iteration of Setting Simulation : Marc Run 


 Simulation Model Name : TL_r3_3 


  *** Start Generating Spring Model with the below Data 

54.2,0.0,0.0,54.2,0.0
38.4172510677,38.4172510677,3.75001873705,54.330197489,0.125
-5.61848455243e-12,54.3313039915,7.50095442075,54.3313039915,0.25
-38.1483592735,38.1483592735,9.39030550697,53.9499270669,0.375
-54.1900005874,-1.12077442958e-11,9.81000522476,54.1900005874,0.5
-38.9938284756,-38.9938284756,9.14835746532,55.1456010791,0.625
1.76408936927e-11,-56.7817840769,13.9418413433,56.7817840769,0.75
42.1199922119,-42.1199922119,24.3341352553,59.5666642331,0.875
65.1016327435,0.023010440502,34.9450033913,65.1016368101,1.0
51.4077393081,51.4440927121,43.6858574725,72.7272324218,1.125
-0.028649434026,81.0555943753,51.6255429757,81.0555994384,1.25
-63.3742008923,63.3294169762,62.210185655,89.5929929921,1.375
-92.1199598449,-0.0325601796295,75.9052005972,92.1199655992,1.5
-61.1040218116,-61.1472320214,90.426545066,86.4446959936,1.625
0.0268665695317,-76.0114757926,103.954722536,76.0114805406,1.75
48.1493955512,-48.1153703728,114.917146059,68.0694730261,1.875
65.6852369014,0.0464334413964,124.71048295,65.6852533135,2.0
49.9327717283,50.0034174533,134.087224737,70.6655747128,2.125
-0.0571657168475,80.8672271599,144.206084025,80.8672473653,2.25
-64.4599949461,64.3689247091,155.899628829,91.0958254623,2.375
-94.0334872742,-0.0664730558629,168.581890725,94.0335107694,2.5
-61.854673791,-61.9421868235,180.76206573,87.5376215023,2.625
0.0542340830526,-76.7201069907,191.780105197,76.7201261599,2.75
48.2306313808,-48.1624902797,201.658232602,68.1602470164,2.875
65.554507174,0.0695115556674,211.461438523,65.5545440277,3.0
49.5133418366,49.6184575011,222.336519727,70.0968069502,3.125
-0.0840456283306,79.261206168,235.895068097,79.2612507274,3.25
-62.1678074306,62.0361062306,251.456966386,87.8254789738,3.375
-90.343457431,-0.0957968344565,265.041786957,90.3435082207,3.5
-61.1534131199,-61.2832403831,274.37189134,86.5758366293,3.625
0.0840498021642,-79.2651423845,280.387928927,79.2651869462,3.75
50.9900719324,-50.8820505313,286.099100338,72.0345091046,3.875
66.0888594123,0.093437577719,294.614292227,66.0889254641,4.0
44.0674876988,44.1922708789,307.859952947,62.4091361703,4.125
-0.0855729069773,60.5261390157,324.293794242,60.5261995079,4.25
-40.7970547568,40.6818584536,337.63039217,57.6143496367,4.375
-55.7778154719,-0.078859644655,342.933137162,55.7778712185,4.5
-39.0380384287,-39.1485800284,341.855518272,55.2863433644,4.625
0.0792130847618,-56.0278053979,337.139093054,56.0278613942,4.75
39.7537204111,-39.6414701113,333.174872059,56.1409337214,4.875
54.2581250954,-12.0476094379,332.590161819,55.5795738742,4.965

  *** Start Generating Spring Model with the below Data : Create Spring Routine 

54.2,0.0,0.0,54.2,0.0
38.4172510677,38.4172510677,3.75001873705,54.330197489,0.125
-5.61848455243e-12,54.3313039915,7.50095442075,54.3313039915,0.25
-38.1483592735,38.1483592735,9.39030550697,53.9499270669,0.375
-54.1900005874,-1.12077442958e-11,9.81000522476,54.1900005874,0.5
-38.9938284756,-38.9938284756,9.14835746532,55.1456010791,0.625
1.76408936927e-11,-56.7817840769,13.9418413433,56.7817840769,0.75
42.1199922119,-42.1199922119,24.3341352553,59.5666642331,0.875
65.1016327435,0.023010440502,34.9450033913,65.1016368101,1.0
51.4077393081,51.4440927121,43.6858574725,72.7272324218,1.125
-0.028649434026,81.0555943753,51.6255429757,81.0555994384,1.25
-63.3742008923,63.3294169762,62.210185655,89.5929929921,1.375
-92.1199598449,-0.0325601796295,75.9052005972,92.1199655992,1.5
-61.1040218116,-61.1472320214,90.426545066,86.4446959936,1.625
0.0268665695317,-76.0114757926,103.954722536,76.0114805406,1.75
48.1493955512,-48.1153703728,114.917146059,68.0694730261,1.875
65.6852369014,0.0464334413964,124.71048295,65.6852533135,2.0
49.9327717283,50.0034174533,134.087224737,70.6655747128,2.125
-0.0571657168475,80.8672271599,144.206084025,80.8672473653,2.25
-64.4599949461,64.3689247091,155.899628829,91.0958254623,2.375
-94.0334872742,-0.0664730558629,168.581890725,94.0335107694,2.5
-61.854673791,-61.9421868235,180.76206573,87.5376215023,2.625
0.0542340830526,-76.7201069907,191.780105197,76.7201261599,2.75
48.2306313808,-48.1624902797,201.658232602,68.1602470164,2.875
65.554507174,0.0695115556674,211.461438523,65.5545440277,3.0
49.5133418366,49.6184575011,222.336519727,70.0968069502,3.125
-0.0840456283306,79.261206168,235.895068097,79.2612507274,3.25
-62.1678074306,62.0361062306,251.456966386,87.8254789738,3.375
-90.343457431,-0.0957968344565,265.041786957,90.3435082207,3.5
-61.1534131199,-61.2832403831,274.37189134,86.5758366293,3.625
0.0840498021642,-79.2651423845,280.387928927,79.2651869462,3.75
50.9900719324,-50.8820505313,286.099100338,72.0345091046,3.875
66.0888594123,0.093437577719,294.614292227,66.0889254641,4.0
44.0674876988,44.1922708789,307.859952947,62.4091361703,4.125
-0.0855729069773,60.5261390157,324.293794242,60.5261995079,4.25
-40.7970547568,40.6818584536,337.63039217,57.6143496367,4.375
-55.7778154719,-0.078859644655,342.933137162,55.7778712185,4.5
-39.0380384287,-39.1485800284,341.855518272,55.2863433644,4.625
0.0792130847618,-56.0278053979,337.139093054,56.0278613942,4.75
39.7537204111,-39.6414701113,333.174872059,56.1409337214,4.875
54.2581250954,-12.0476094379,332.590161819,55.5795738742,4.965

 Start 3 - th Iteration : Extract Result 
 

 Radius  , Z  
0.0 , 0.0,  
-3.98365500587e-07 , -5.95106664392e-07,  
-2.50520178469e-06 , -1.96924293938e-06,  
5.15973695769e-07 , -2.02043050557e-06,  
-1.91544565098e-07 , 2.88578114294e-07,  
1.88221422661e-05 , -0.000236381174691,  
-0.000107353989854 , 0.000147818983189,  
0.000301216146198 , -4.60446668171e-05,  
-0.000232829799813 , 1.78794111321e-05,  
3.33251732911e-05 , -1.98444105521e-05,  
2.32360896035e-05 , 1.56859303004e-05,  
-0.000140331960168 , 1.16832626915e-05,  
0.000120489309921 , 6.66521259518e-06,  
1.16147145803e-05 , -9.43061952796e-06,  
-0.000113286260927 , 7.64243544467e-05,  
0.000196013902809 , -0.000125049454127,  
-0.000255805527729 , 8.47573195557e-05,  
0.000208319491605 , -3.69372825162e-05,  
-0.000173162378729 , 2.8871449814e-05,  
0.000149544587117 , -8.39345324266e-06,  
-1.81033141899e-05 , 1.80571700525e-06,  
-5.28721874957e-05 , -2.25518819548e-05,  
1.78063288843e-05 , 2.32714251069e-05,  
-0.000185378189585 , -3.55702811135e-05,  
0.00023786293194 , 6.74052197382e-05,  
-0.000220401128985 , -0.000107043828763,  
3.03305252061e-05 , -1.04050512846e-05,  
0.000267114565446 , 7.12018200772e-05,  
-0.000163949619704 , -4.79879414002e-05,  
4.91946068024e-05 , 2.35789292446e-05,  
0.000125801300626 , 0.000105538244611,  
-6.9009949442e-05 , -0.000137882624813,  
9.09997562388e-05 , 0.00012134438947,  
-0.000247721114405 , -0.00010313892767,  
0.000179276697871 , -1.07893830545e-05,  
1.61072934972e-05 , 7.77365793851e-05,  
-1.0455294607e-05 , -2.39246588762e-06,  
-6.90637332212e-05 , -6.99968916251e-06,  
6.85348181122e-05 , 3.41483098509e-06,  
-1.65337373801e-05 , -4.91715516091e-05,  
1.97101730492e-06 , 8.6580274683e-07,  
Max. Error of Z & Radius  0.000147818983189 , -0.000236381174691 , 0.000301216146198 , -0.000255805527729 

*** End Marc Run =3
*** Start Marc Run =4

 Start 4 - th Iteration of Setting Simulation : Marc Run 


 Simulation Model Name : TL_r3_4 


  *** Start Generating Spring Model with the below Data 

54.2,0.0,0.0,54.2,0.0
38.417250786,38.417250786,3.75001814194,54.3301970906,0.125
-5.61848429337e-12,54.3313014863,7.5009524515,54.3313014863,0.25
-38.1483596384,38.1483596383,9.39030348654,53.9499275828,0.375
-54.1900003959,-1.12077442562e-11,9.81000551334,54.1900003959,0.5
-38.9938417849,-38.9938417849,9.14812108414,55.1456199012,0.625
1.76408603401e-11,-56.7816767229,13.9419891622,56.7816767229,0.75
42.1202052039,-42.1202052039,24.3340892107,59.5669654492,0.875
65.1013999138,0.0230103582073,34.9450212707,65.1014039803,1.0
51.4077628642,51.4441162849,43.6858376281,72.727265747,1.125
-0.0286494422389,81.0556176114,51.6255586616,81.0556226745,1.25
-63.3741016275,63.3293177816,62.2101973383,89.5928526601,1.375
-92.1200803342,-0.0325602222169,75.9052072624,92.1200860885,1.5
-61.1040300216,-61.1472402371,90.4265356353,86.4447076084,1.625
0.0268665294902,-76.0113625063,103.95479896,76.0113672543,1.75
48.149534203,-48.1155089265,114.91702101,68.06966904,1.875
65.6849810959,0.0464332605654,124.710567708,65.684997508,2.0
49.9329189283,50.0035648616,134.0871878,70.6657830322,2.125
-0.0571655944376,80.8670539975,144.206112897,80.8670742029,2.25
-64.4601007648,64.3690303783,155.899620435,91.0959750069,2.375
-94.0334691709,-0.0664730430656,168.581892531,94.033492666,2.5
-61.8546364312,-61.9421494108,180.762043178,87.5375686301,2.625
0.0542340956401,-76.720124797,191.780128469,76.7201439663,2.75
48.230500206,-48.1623592902,201.658197031,68.1600616382,2.875
65.5547450367,0.0695118078882,211.461505929,65.5547818906,3.0
49.5131861548,49.6183014888,222.336412684,70.0965865491,3.125
-0.084045660492,79.2612364985,235.895057692,79.261281058,3.25
-62.1679965093,62.0362949088,251.457037588,87.8257460884,3.375
-90.3432934815,-0.0957966606105,265.041738969,90.3433442711,3.5
-61.1534478688,-61.2832752058,274.371914919,86.5758858239,3.625
0.0840499355591,-79.2652681858,280.388034466,79.2653127475,3.75
50.9900230833,-50.8820017856,286.098962456,72.0344400946,3.875
66.088950412,0.093437706376,294.614413571,66.0890164639,4.0
44.0673127813,44.1920954662,307.859849808,62.4088884491,4.125
-0.0855731604416,60.5263182922,324.293783453,60.5263787846,4.25
-40.7970661624,40.681869827,337.630469907,57.614365744,4.375
-55.7778050166,-0.0788596298732,342.93313477,55.7778607632,4.5
-39.0379896624,-39.148531124,341.855511273,55.2862743006,4.625
0.0792131816574,-56.0278739326,337.139096469,56.0279299291,4.75
39.7537087035,-39.6414584367,333.174822888,56.1409171876,4.875
54.2581270196,-12.0476098651,332.590162685,55.5795758452,4.965

  *** Start Generating Spring Model with the below Data : Create Spring Routine 

54.2,0.0,0.0,54.2,0.0
38.417250786,38.417250786,3.75001814194,54.3301970906,0.125
-5.61848429337e-12,54.3313014863,7.5009524515,54.3313014863,0.25
-38.1483596384,38.1483596383,9.39030348654,53.9499275828,0.375
-54.1900003959,-1.12077442562e-11,9.81000551334,54.1900003959,0.5
-38.9938417849,-38.9938417849,9.14812108414,55.1456199012,0.625
1.76408603401e-11,-56.7816767229,13.9419891622,56.7816767229,0.75
42.1202052039,-42.1202052039,24.3340892107,59.5669654492,0.875
65.1013999138,0.0230103582073,34.9450212707,65.1014039803,1.0
51.4077628642,51.4441162849,43.6858376281,72.727265747,1.125
-0.0286494422389,81.0556176114,51.6255586616,81.0556226745,1.25
-63.3741016275,63.3293177816,62.2101973383,89.5928526601,1.375
-92.1200803342,-0.0325602222169,75.9052072624,92.1200860885,1.5
-61.1040300216,-61.1472402371,90.4265356353,86.4447076084,1.625
0.0268665294902,-76.0113625063,103.95479896,76.0113672543,1.75
48.149534203,-48.1155089265,114.91702101,68.06966904,1.875
65.6849810959,0.0464332605654,124.710567708,65.684997508,2.0
49.9329189283,50.0035648616,134.0871878,70.6657830322,2.125
-0.0571655944376,80.8670539975,144.206112897,80.8670742029,2.25
-64.4601007648,64.3690303783,155.899620435,91.0959750069,2.375
-94.0334691709,-0.0664730430656,168.581892531,94.033492666,2.5
-61.8546364312,-61.9421494108,180.762043178,87.5375686301,2.625
0.0542340956401,-76.720124797,191.780128469,76.7201439663,2.75
48.230500206,-48.1623592902,201.658197031,68.1600616382,2.875
65.5547450367,0.0695118078882,211.461505929,65.5547818906,3.0
49.5131861548,49.6183014888,222.336412684,70.0965865491,3.125
-0.084045660492,79.2612364985,235.895057692,79.261281058,3.25
-62.1679965093,62.0362949088,251.457037588,87.8257460884,3.375
-90.3432934815,-0.0957966606105,265.041738969,90.3433442711,3.5
-61.1534478688,-61.2832752058,274.371914919,86.5758858239,3.625
0.0840499355591,-79.2652681858,280.388034466,79.2653127475,3.75
50.9900230833,-50.8820017856,286.098962456,72.0344400946,3.875
66.088950412,0.093437706376,294.614413571,66.0890164639,4.0
44.0673127813,44.1920954662,307.859849808,62.4088884491,4.125
-0.0855731604416,60.5263182922,324.293783453,60.5263787846,4.25
-40.7970661624,40.681869827,337.630469907,57.614365744,4.375
-55.7778050166,-0.0788596298732,342.93313477,55.7778607632,4.5
-39.0379896624,-39.148531124,341.855511273,55.2862743006,4.625
0.0792131816574,-56.0278739326,337.139096469,56.0279299291,4.75
39.7537087035,-39.6414584367,333.174822888,56.1409171876,4.875
54.2581270196,-12.0476098651,332.590162685,55.5795758452,4.965

 Start 4 - th Iteration : Extract Result 
 

 Radius  , Z  
0.0 , 0.0,  
-3.97444544831e-07 , 4.03887549183e-07,  
4.84723777561e-07 , 4.2372404252e-08,  
-8.93135876368e-07 , 9.15257274414e-07,  
8.08254490892e-07 , -7.1011269398e-07,  
1.78657877115e-06 , -8.60027352267e-06,  
-5.83807818089e-06 , 5.82062316568e-06,  
1.20811008628e-05 , -4.34214949863e-06,  
-9.17170677894e-06 , 1.24955063541e-06,  
1.52721688096e-06 , -1.23000035046e-06,  
9.17114562071e-09 , -1.26416942692e-07,  
-2.62363352022e-06 , 6.89007045196e-07,  
2.84933024375e-06 , 1.04904937359e-06,  
3.77031895482e-07 , -8.31340045693e-07,  
-4.14707027119e-06 , 3.10633147649e-06,  
8.1324330381e-06 , -4.16206206921e-06,  
-7.43619347077e-06 , 2.54222720741e-06,  
5.9355860742e-06 , -1.09360192369e-06,  
-5.70760995799e-06 , 6.80561015542e-07,  
3.34617355691e-06 , 4.67674794891e-07,  
-4.51549055924e-07 , -1.20642368984e-07,  
-5.33291029114e-08 , 1.50441593405e-07,  
3.46035974985e-07 , 5.36528688144e-07,  
-5.14051380662e-06 , -5.77071858743e-07,  
5.39528225829e-06 , 1.95143343262e-06,  
-6.11401969763e-06 , -2.95790201221e-06,  
1.68886568019e-06 , 2.3862256171e-07,  
2.85219880425e-06 , -7.46296677789e-08,  
-2.04224571121e-06 , -4.56089139789e-07,  
8.83017449382e-07 , 1.19793583053e-07,  
1.75616889919e-06 , 2.6596889029e-06,  
-3.29924749565e-06 , -3.82560716616e-06,  
3.55391681239e-06 , 2.35236984736e-06,  
-7.88514474692e-06 , -4.08947960295e-06,  
7.66783133344e-06 , 1.80269222483e-06,  
-2.89781406337e-06 , 2.651528348e-07,  
-5.5329144999e-07 , -5.02510090428e-07,  
-1.69509068115e-06 , -2.56765702034e-08,  
5.89109838245e-07 , 4.90431318667e-07,  
-1.17464978189e-06 , -8.22314859761e-07,  
-1.85328708824e-07 , -1.13830196824e-07,  
Max. Error of Z & Radius  5.82062316568e-06 , -8.60027352267e-06 , 1.20811008628e-05 , -9.17170677894e-06 

*** End Marc Run =4
*** Start Marc Run =5

 Start 5 - th Iteration of Setting Simulation : Marc Run 


 Simulation Model Name : TL_r3_5 


  *** Start Generating Spring Model with the below Data 

54.2,0.0,0.0,54.2,0.0
38.4172505049,38.4172505049,3.75001854583,54.3301966932,0.125
-5.61848434349e-12,54.331301971,7.50095249388,54.331301971,0.25
-38.1483590068,38.1483590068,9.39030440179,53.9499266897,0.375
-54.1900012042,-1.12077444233e-11,9.81000480322,54.1900012042,0.5
-38.9938430482,-38.9938430482,9.14811248387,55.1456216878,0.625
1.76408585263e-11,-56.7816708848,13.9419949829,56.7816708848,0.75
42.1202137465,-42.1202137465,24.3340848685,59.5669775304,0.875
65.1013907421,0.0230103549656,34.9450225202,65.1013948086,1.0
51.4077639437,51.4441173652,43.6858363981,72.7272672742,1.125
-0.0286494422421,81.0556176205,51.6255585352,81.0556226837,1.25
-63.3740997717,63.329315927,62.2101980273,89.5928500365,1.375
-92.1200831836,-0.032560223224,75.9052083114,92.1200889378,1.5
-61.1040302881,-61.1472405038,90.426534804,86.4447079854,1.625
0.0268665280244,-76.0113583592,103.954802067,76.0113631073,1.75
48.1495399555,-48.115514675,114.917016848,68.0696771725,1.875
65.6849736597,0.0464332553087,124.71057025,65.6849900718,2.0
49.9329231224,50.0035690616,134.087186706,70.6657889678,2.125
-0.0571655904028,80.8670482899,144.206113577,80.8670684953,2.25
-64.4601031326,64.3690327427,155.899620903,91.095978353,2.375
-94.0334687193,-0.0664730427463,168.58189241,94.0334922145,2.5
-61.8546363935,-61.9421493731,180.762043329,87.5375685767,2.625
0.0542340958847,-76.720125143,191.780129005,76.7201443123,2.75
48.2304965685,-48.1623556579,201.658196454,68.1600564977,2.875
65.554750432,0.0695118136092,211.46150788,65.5547872859,3.0
49.5131818361,49.618297161,222.336409726,70.0965804351,3.125
-0.0840456622828,79.2612381874,235.895057931,79.2612827468,3.25
-62.1679985282,62.0362969234,251.457037513,87.8257489406,3.375
-90.3432914393,-0.095796658445,265.041738513,90.3433422288,3.5
-61.1534484926,-61.2832758309,274.371915039,86.575886707,3.625
0.0840499374213,-79.2652699419,280.388037125,79.2653145036,3.75
50.9900207479,-50.8819994552,286.09895863,72.0344367954,3.875
66.0889539659,0.0934377114005,294.614415924,66.0890200178,4.0
44.0673072136,44.1920898827,307.859845718,62.408880564,4.125
-0.0855731712825,60.52632596,324.293785255,60.5263864524,4.25
-40.7970641105,40.6818677809,337.630470172,57.6143628462,4.375
-55.7778044633,-0.0788596290909,342.933134267,55.7778602099,4.5
-39.0379884655,-39.1485299237,341.855511247,55.2862726055,4.625
0.0792131824903,-56.0278745217,337.139096959,56.0279305182,4.75
39.7537078717,-39.6414576073,333.174822066,56.140916013,4.875
54.2581268387,-12.0476098249,332.590162571,55.5795756599,4.965

  *** Start Generating Spring Model with the below Data : Create Spring Routine 

54.2,0.0,0.0,54.2,0.0
38.4172505049,38.4172505049,3.75001854583,54.3301966932,0.125
-5.61848434349e-12,54.331301971,7.50095249388,54.331301971,0.25
-38.1483590068,38.1483590068,9.39030440179,53.9499266897,0.375
-54.1900012042,-1.12077444233e-11,9.81000480322,54.1900012042,0.5
-38.9938430482,-38.9938430482,9.14811248387,55.1456216878,0.625
1.76408585263e-11,-56.7816708848,13.9419949829,56.7816708848,0.75
42.1202137465,-42.1202137465,24.3340848685,59.5669775304,0.875
65.1013907421,0.0230103549656,34.9450225202,65.1013948086,1.0
51.4077639437,51.4441173652,43.6858363981,72.7272672742,1.125
-0.0286494422421,81.0556176205,51.6255585352,81.0556226837,1.25
-63.3740997717,63.329315927,62.2101980273,89.5928500365,1.375
-92.1200831836,-0.032560223224,75.9052083114,92.1200889378,1.5
-61.1040302881,-61.1472405038,90.426534804,86.4447079854,1.625
0.0268665280244,-76.0113583592,103.954802067,76.0113631073,1.75
48.1495399555,-48.115514675,114.917016848,68.0696771725,1.875
65.6849736597,0.0464332553087,124.71057025,65.6849900718,2.0
49.9329231224,50.0035690616,134.087186706,70.6657889678,2.125
-0.0571655904028,80.8670482899,144.206113577,80.8670684953,2.25
-64.4601031326,64.3690327427,155.899620903,91.095978353,2.375
-94.0334687193,-0.0664730427463,168.58189241,94.0334922145,2.5
-61.8546363935,-61.9421493731,180.762043329,87.5375685767,2.625
0.0542340958847,-76.720125143,191.780129005,76.7201443123,2.75
48.2304965685,-48.1623556579,201.658196454,68.1600564977,2.875
65.554750432,0.0695118136092,211.46150788,65.5547872859,3.0
49.5131818361,49.618297161,222.336409726,70.0965804351,3.125
-0.0840456622828,79.2612381874,235.895057931,79.2612827468,3.25
-62.1679985282,62.0362969234,251.457037513,87.8257489406,3.375
-90.3432914393,-0.095796658445,265.041738513,90.3433422288,3.5
-61.1534484926,-61.2832758309,274.371915039,86.575886707,3.625
0.0840499374213,-79.2652699419,280.388037125,79.2653145036,3.75
50.9900207479,-50.8819994552,286.09895863,72.0344367954,3.875
66.0889539659,0.0934377114005,294.614415924,66.0890200178,4.0
44.0673072136,44.1920898827,307.859845718,62.408880564,4.125
-0.0855731712825,60.52632596,324.293785255,60.5263864524,4.25
-40.7970641105,40.6818677809,337.630470172,57.6143628462,4.375
-55.7778044633,-0.0788596290909,342.933134267,55.7778602099,4.5
-39.0379884655,-39.1485299237,341.855511247,55.2862726055,4.625
0.0792131824903,-56.0278745217,337.139096959,56.0279305182,4.75
39.7537078717,-39.6414576073,333.174822066,56.140916013,4.875
54.2581268387,-12.0476098249,332.590162571,55.5795756599,4.965

 Start 5 - th Iteration : Extract Result 
 

 Radius  , Z  
0.0 , 0.0,  
-3.97629563054e-07 , -5.95815440096e-07,  
-5.09357860778e-07 , 4.29070308172e-08,  
5.16796411887e-07 , -8.41432825638e-08,  
-1.91741342803e-07 , 2.89920082608e-07,  
5.07823123996e-07 , 8.56205861766e-08,  
-9.8914036073e-08 , 8.45652490256e-08,  
-1.25276905294e-07 , -5.76995233814e-07,  
-5.53730714614e-07 , -6.37277970839e-07,  
1.81967863e-07 , 7.43572748263e-07,  
9.23759557736e-09 , -1.1365921182e-07,  
1.60518368375e-07 , -3.12686260884e-07,  
-1.03533565721e-07 , 7.05144884705e-08,  
-4.22166664293e-07 , 3.00458268043e-07,  
6.85162973468e-07 , 2.05395252806e-07,  
-6.02007759198e-08 , -2.87130689003e-07,  
-6.57401145077e-07 , 6.17597194719e-07,  
4.46977409752e-07 , -1.265892422e-07,  
1.29588670461e-07 , -3.07096343022e-07,  
-1.73692754402e-07 , -6.45272763222e-07,  
-4.7529982794e-07 , 8.71520796863e-07,  
-5.47432250642e-08 , 1.5367351125e-07,  
3.5609720328e-07 , -4.6106910645e-07,  
-9.93039961372e-07 , 3.93052602021e-07,  
4.95352338703e-07 , -8.45383851811e-09,  
-6.32556364621e-07 , -3.59001148809e-08,  
-2.49067255709e-07 , 2.72031314807e-07,  
4.5035122298e-08 , -9.0368189376e-08,  
-7.1567797022e-08 , -4.53014365576e-07,  
1.22286223814e-07 , 1.96221492388e-07,  
-1.92247739506e-07 , -2.76473031136e-07,  
2.76667009302e-08 , -8.35618322981e-07,  
-3.10061665232e-07 , 4.23882852374e-07,  
-4.57649697694e-07 , -9.60767465585e-10,  
-1.24535475265e-08 , -7.59701492825e-08,  
-2.66537412585e-07 , 2.00096621938e-07,  
4.46755258565e-07 , 4.98785766467e-07,  
4.09555283909e-07 , -8.38517735247e-08,  
-3.87005435698e-07 , -5.04662295953e-07,  
-5.18485705925e-07 , 1.99337080176e-07,  
-1.85763404659e-07 , -1.12982490919e-07,  
Max. Error of Z & Radius  8.71520796863e-07 , -8.35618322981e-07 , 6.85162973468e-07 , -9.93039961372e-07 

*** End Marc Run =5
*** End Process